<?xml version="1.0" encoding="UTF-8"?>
<!-- Generated by org.testng.reporters.JUnitXMLReporter -->
<testsuite ignored="2" hostname="DESKTOP-974RD15" failures="0" tests="2" name="Default test" time="0.166" errors="0" timestamp="2021-06-20T20:48:30 IST">
  <testcase classname="com.flipkart.TestClass.Flikart_TestClass1" name="@BeforeTest launchbrowser" time="-1.624202310254E9">
    <failure type="org.testng.TestNGException" message="
Parameter &amp;apos;browser&amp;apos; is required by BeforeTest on method launchbrowser but has not been marked @Optional or defined
in C:\Users\kunal\AppData\Local\Temp\testng-eclipse-1134806798\testng-customsuite.xml">
      <![CDATA[org.testng.TestNGException: 
Parameter 'browser' is required by BeforeTest on method launchbrowser but has not been marked @Optional or defined
in C:\Users\kunal\AppData\Local\Temp\testng-eclipse-1134806798\testng-customsuite.xml
at org.testng.internal.Parameters.createParams(Parameters.java:270)
at org.testng.internal.Parameters.createParametersForMethod(Parameters.java:358)
at org.testng.internal.Parameters.createParameters(Parameters.java:700)
at org.testng.internal.Parameters.createConfigurationParameters(Parameters.java:168)
at org.testng.internal.ConfigInvoker.invokeConfigurations(ConfigInvoker.java:302)
at org.testng.TestRunner.invokeTestConfigurations(TestRunner.java:637)
at org.testng.TestRunner.beforeRun(TestRunner.java:627)
at org.testng.TestRunner.run(TestRunner.java:589)
at org.testng.SuiteRunner.runTest(SuiteRunner.java:377)
at org.testng.SuiteRunner.runSequentially(SuiteRunner.java:371)
at org.testng.SuiteRunner.privateRun(SuiteRunner.java:332)
at org.testng.SuiteRunner.run(SuiteRunner.java:276)
at org.testng.SuiteRunnerWorker.runSuite(SuiteRunnerWorker.java:53)
at org.testng.SuiteRunnerWorker.run(SuiteRunnerWorker.java:96)
at org.testng.TestNG.runSuitesSequentially(TestNG.java:1212)
at org.testng.TestNG.runSuitesLocally(TestNG.java:1134)
at org.testng.TestNG.runSuites(TestNG.java:1063)
at org.testng.TestNG.run(TestNG.java:1031)
at org.testng.remote.AbstractRemoteTestNG.run(AbstractRemoteTestNG.java:115)
at org.testng.remote.RemoteTestNG.initAndRun(RemoteTestNG.java:251)
at org.testng.remote.RemoteTestNG.main(RemoteTestNG.java:77)
]]>
    </failure>
  </testcase> <!-- @BeforeTest launchbrowser -->
  <testcase classname="com.flipkart.TestClass.Flikart_TestClass1" name="@BeforeClass launching" time="-1.624202310318E9">
    <skipped/>
  </testcase> <!-- @BeforeClass launching -->
  <testcase classname="com.flipkart.TestClass.Flikart_TestClass1" name="@BeforeMethod login" time="-1.624202310355E9">
    <skipped/>
  </testcase> <!-- @BeforeMethod login -->
  <testcase classname="com.flipkart.TestClass.Flikart_TestClass1" name="@BeforeMethod login" time="-1.624202310383E9">
    <skipped/>
  </testcase> <!-- @BeforeMethod login -->
  <testcase classname="com.flipkart.TestClass.Flikart_TestClass1" name="@AfterClass Logut" time="-1.624202310404E9">
    <skipped/>
  </testcase> <!-- @AfterClass Logut -->
  <testcase classname="com.flipkart.TestClass.Flikart_TestClass1" name="LoginTest" time="0.0">
    <skipped/>
  </testcase> <!-- LoginTest -->
  <testcase classname="com.flipkart.TestClass.Flikart_TestClass1" name="Mobiles_Test" time="0.0">
    <skipped/>
  </testcase> <!-- Mobiles_Test -->
  <testcase classname="com.flipkart.TestClass.Flikart_TestClass1" name="Fashion_Test" time="0.0">
    <ignored/>
  </testcase> <!-- Fashion_Test -->
  <testcase classname="com.flipkart.TestClass.Flikart_TestClass1" name="LoginTest1" time="0.0">
    <ignored/>
  </testcase> <!-- LoginTest1 -->
</testsuite> <!-- Default test -->
